INFO 2026-02-11 22:36:44,538 _client 1 281473517547552 HTTP Request: GET https://ws.audioscrobbler.com/2.0/?method=chart.gettoptracks&api_key=49b6213396a4b5a21637bcf627a4bf3d&format=json&limit=15 "HTTP/1.1 200 OK"
INFO 2026-02-11 22:36:44,542 services_async 1 281473517547552 Last.fm tracks chart API request took 321.21 ms
INFO 2026-02-11 22:36:44,564 _client 1 281473517547552 HTTP Request: GET https://ws.audioscrobbler.com/2.0/?method=chart.gettopartists&api_key=49b6213396a4b5a21637bcf627a4bf3d&format=json&limit=16 "HTTP/1.1 200 OK"
INFO 2026-02-11 22:36:44,566 services_async 1 281473517547552 Last.fm chart API request took 355.65 ms
INFO 2026-02-11 22:36:44,870 _client 1 281473517547552 HTTP Request: GET https://itunes.apple.com/search?term=Stateside+%2B+Zara+Larsson&media=music&entity=song&attribute=songTerm&limit=5 "HTTP/1.1 200 OK"
INFO 2026-02-11 22:36:44,872 _client 1 281473517547552 HTTP Request: GET https://itunes.apple.com/search?term=DtMF&media=music&entity=song&attribute=songTerm&limit=5 "HTTP/1.1 200 OK"
INFO 2026-02-11 22:36:44,878 _client 1 281473517547552 HTTP Request: GET https://itunes.apple.com/search?term=BAILE+INoLVIDABLE&media=music&entity=song&attribute=songTerm&limit=5 "HTTP/1.1 200 OK"
INFO 2026-02-11 22:36:44,884 _client 1 281473517547552 HTTP Request: GET https://api.deezer.com/search?q=artist%3A%22Taylor+Swift%22+track%3A%22Opalite%22&limit=1 "HTTP/1.1 200 OK"
INFO 2026-02-11 22:36:44,887 _client 1 281473517547552 HTTP Request: GET https://api.deezer.com/search?q=artist%3A%22Taylor+Swift%22+track%3A%22The+Fate+of+Ophelia%22&limit=1 "HTTP/1.1 200 OK"
INFO 2026-02-11 22:36:45,034 _client 1 281473517547552 HTTP Request: GET https://itunes.apple.com/search?term=VOY+A+LLeVARTE+PA+PR&media=music&entity=song&attribute=songTerm&limit=5 "HTTP/1.1 200 OK"
INFO 2026-02-11 22:36:45,043 _client 1 281473517547552 HTTP Request: GET https://itunes.apple.com/search?term=EoO&media=music&entity=song&attribute=songTerm&limit=5 "HTTP/1.1 200 OK"
INFO 2026-02-11 22:36:53,728 _client 1 281473517547552 HTTP Request: GET https://ws.audioscrobbler.com/2.0/?method=track.search&track=drake&api_key=49b6213396a4b5a21637bcf627a4bf3d&format=json&limit=75 "HTTP/1.1 200 OK"
INFO 2026-02-11 22:36:53,751 services_async 1 281473517547552 Last.fm track search API request took 463.59 ms for query='drake'
INFO 2026-02-11 22:36:54,032 _client 1 281473517547552 HTTP Request: GET https://itunes.apple.com/search?term=Headlines&media=music&entity=song&attribute=songTerm&limit=5 "HTTP/1.1 200 OK"
INFO 2026-02-11 22:36:54,036 _client 1 281473517547552 HTTP Request: GET https://itunes.apple.com/search?term=Passionfruit&media=music&entity=song&attribute=songTerm&limit=5 "HTTP/1.1 200 OK"
INFO 2026-02-11 22:36:54,038 _client 1 281473517547552 HTTP Request: GET https://itunes.apple.com/search?term=One+Dance&media=music&entity=song&attribute=songTerm&limit=5 "HTTP/1.1 200 OK"
INFO 2026-02-11 22:36:54,096 _client 1 281473517547552 HTTP Request: GET https://api.deezer.com/search?q=artist%3A%22Drake%22+track%3A%22Nokia%22&limit=1 "HTTP/1.1 200 OK"
INFO 2026-02-11 22:36:54,099 _client 1 281473517547552 HTTP Request: GET https://api.deezer.com/search?q=artist%3A%22Drake%22+track%3A%22Fancy%22&limit=1 "HTTP/1.1 200 OK"
INFO 2026-02-11 22:36:54,120 _client 1 281473517547552 HTTP Request: GET https://api.deezer.com/search?q=artist%3A%22Drake%22+track%3A%22Forever%22&limit=1 "HTTP/1.1 200 OK"
INFO 2026-02-11 22:36:54,122 _client 1 281473517547552 HTTP Request: GET https://api.deezer.com/search?q=artist%3A%22Drake%22+track%3A%22Jungle%22&limit=1 "HTTP/1.1 200 OK"
INFO 2026-02-11 22:36:54,130 _client 1 281473517547552 HTTP Request: GET https://api.deezer.com/search?q=artist%3A%22Drake%22+track%3A%22Hotline+Bling%22&limit=1 "HTTP/1.1 200 OK"
INFO 2026-02-11 22:36:54,133 _client 1 281473517547552 HTTP Request: GET https://api.deezer.com/search?q=artist%3A%22Drake%22+track%3A%22Teenage+Fever%22&limit=1 "HTTP/1.1 200 OK"
INFO 2026-02-11 22:36:54,135 _client 1 281473517547552 HTTP Request: GET https://api.deezer.com/search?q=artist%3A%22Drake%22+track%3A%229%22&limit=1 "HTTP/1.1 200 OK"
INFO 2026-02-11 22:36:54,138 _client 1 281473517547552 HTTP Request: GET https://api.deezer.com/search?q=artist%3A%22Drake%22+track%3A%22Passionfruit%22&limit=1 "HTTP/1.1 200 OK"
INFO 2026-02-11 22:36:54,140 _client 1 281473517547552 HTTP Request: GET https://api.deezer.com/search?q=artist%3A%22Drake%22+track%3A%22Practice%22&limit=1 "HTTP/1.1 200 OK"
INFO 2026-02-11 22:36:54,146 _client 1 281473517547552 HTTP Request: GET https://api.deezer.com/search?q=artist%3A%22Drake%22+track%3A%22Headlines%22&limit=1 "HTTP/1.1 200 OK"
INFO 2026-02-11 22:36:54,171 _client 1 281473517547552 HTTP Request: GET https://api.deezer.com/search?q=artist%3A%22Drake%22+track%3A%22God%27s+Plan%22&limit=1 "HTTP/1.1 200 OK"
INFO 2026-02-11 22:36:54,191 _client 1 281473517547552 HTTP Request: GET https://api.deezer.com/search?q=artist%3A%22Drake%22+track%3A%22Yebba%E2%80%99s+Heartbreak%22&limit=1 "HTTP/1.1 200 OK"
INFO 2026-02-11 22:36:54,198 _client 1 281473517547552 HTTP Request: GET https://api.deezer.com/search?q=artist%3A%22Drake%22+track%3A%22One+Dance%22&limit=1 "HTTP/1.1 200 OK"
INFO 2026-02-11 22:36:54,203 _client 1 281473517547552 HTTP Request: GET https://api.deezer.com/search?q=artist%3A%22Drake%22+track%3A%22Nonstop%22&limit=1 "HTTP/1.1 200 OK"
INFO 2026-02-11 22:36:54,335 _client 1 281473517547552 HTTP Request: GET https://itunes.apple.com/search?term=Nokia&media=music&entity=song&attribute=songTerm&limit=5 "HTTP/1.1 200 OK"
INFO 2026-02-11 22:36:54,336 _client 1 281473517547552 HTTP Request: GET https://itunes.apple.com/search?term=9&media=music&entity=song&attribute=songTerm&limit=5 "HTTP/1.1 200 OK"
INFO 2026-02-11 22:36:54,338 _client 1 281473517547552 HTTP Request: GET https://itunes.apple.com/search?term=Hotline+Bling&media=music&entity=song&attribute=songTerm&limit=5 "HTTP/1.1 200 OK"
INFO 2026-02-11 22:36:54,498 _client 1 281473517547552 HTTP Request: GET https://itunes.apple.com/search?term=Teenage+Fever&media=music&entity=song&attribute=songTerm&limit=5 "HTTP/1.1 200 OK"
INFO 2026-02-11 22:36:54,500 _client 1 281473517547552 HTTP Request: GET https://itunes.apple.com/search?term=Yebba%E2%80%99s+Heartbreak&media=music&entity=song&attribute=songTerm&limit=5 "HTTP/1.1 200 OK"
INFO 2026-02-11 22:36:54,505 _client 1 281473517547552 HTTP Request: GET https://itunes.apple.com/search?term=God%27s+Plan&media=music&entity=song&attribute=songTerm&limit=5 "HTTP/1.1 200 OK"
INFO 2026-02-11 22:36:54,666 _client 1 281473517547552 HTTP Request: GET https://itunes.apple.com/search?term=Jungle&media=music&entity=song&attribute=songTerm&limit=5 "HTTP/1.1 200 OK"
INFO 2026-02-11 22:36:54,674 _client 1 281473517547552 HTTP Request: GET https://itunes.apple.com/search?term=Practice&media=music&entity=song&attribute=songTerm&limit=5 "HTTP/1.1 200 OK"
INFO 2026-02-11 22:36:54,676 _client 1 281473517547552 HTTP Request: GET https://itunes.apple.com/search?term=Fancy&media=music&entity=song&attribute=songTerm&limit=5 "HTTP/1.1 200 OK"
INFO 2026-02-11 22:36:54,838 _client 1 281473517547552 HTTP Request: GET https://itunes.apple.com/search?term=Forever&media=music&entity=song&attribute=songTerm&limit=5 "HTTP/1.1 200 OK"
INFO 2026-02-11 22:36:54,848 _client 1 281473517547552 HTTP Request: GET https://itunes.apple.com/search?term=Nonstop&media=music&entity=song&attribute=songTerm&limit=5 "HTTP/1.1 200 OK"
INFO 2026-02-11 22:36:59,533 _client 1 281473517547552 HTTP Request: GET https://ws.audioscrobbler.com/2.0/?method=tag.gettopartists&tag=rap&api_key=49b6213396a4b5a21637bcf627a4bf3d&format=json&limit=32 "HTTP/1.1 200 OK"
INFO 2026-02-11 22:36:59,553 services_async 1 281473517547552 Last.fm genre artists API request took 295.49 ms for genre='rap'
INFO 2026-02-11 22:37:03,918 _client 1 281473517547552 HTTP Request: GET https://ws.audioscrobbler.com/2.0/?method=tag.gettoptracks&tag=rap&api_key=49b6213396a4b5a21637bcf627a4bf3d&format=json&limit=15 "HTTP/1.1 200 OK"
INFO 2026-02-11 22:37:04,171 _client 1 281473517547552 HTTP Request: GET https://ws.audioscrobbler.com/2.0/?method=track.getInfo&api_key=49b6213396a4b5a21637bcf627a4bf3d&format=json&track=Fashion+Killa&artist=A%24AP+Rocky&autocorrect=1 "HTTP/1.1 200 OK"
INFO 2026-02-11 22:37:04,180 _client 1 281473517547552 HTTP Request: GET https://ws.audioscrobbler.com/2.0/?method=track.getInfo&api_key=49b6213396a4b5a21637bcf627a4bf3d&format=json&track=Headlines&artist=Drake&autocorrect=1 "HTTP/1.1 200 OK"
INFO 2026-02-11 22:37:04,188 _client 1 281473517547552 HTTP Request: GET https://ws.audioscrobbler.com/2.0/?method=track.getInfo&api_key=49b6213396a4b5a21637bcf627a4bf3d&format=json&track=DNA.&artist=Kendrick+Lamar&autocorrect=1 "HTTP/1.1 200 OK"
INFO 2026-02-11 22:37:04,193 _client 1 281473517547552 HTTP Request: GET https://ws.audioscrobbler.com/2.0/?method=track.getInfo&api_key=49b6213396a4b5a21637bcf627a4bf3d&format=json&track=Ghost+Town&artist=Kanye+West&autocorrect=1 "HTTP/1.1 200 OK"
INFO 2026-02-11 22:37:04,239 _client 1 281473517547552 HTTP Request: GET https://ws.audioscrobbler.com/2.0/?method=track.getInfo&api_key=49b6213396a4b5a21637bcf627a4bf3d&format=json&track=HUMBLE.&artist=Kendrick+Lamar&autocorrect=1 "HTTP/1.1 200 OK"
INFO 2026-02-11 22:37:04,351 _client 1 281473517547552 HTTP Request: GET https://ws.audioscrobbler.com/2.0/?method=track.getInfo&api_key=49b6213396a4b5a21637bcf627a4bf3d&format=json&track=Money+Trees&artist=Kendrick+Lamar&autocorrect=1 "HTTP/1.1 200 OK"
INFO 2026-02-11 22:37:04,366 _client 1 281473517547552 HTTP Request: GET https://ws.audioscrobbler.com/2.0/?method=track.getInfo&api_key=49b6213396a4b5a21637bcf627a4bf3d&format=json&track=See+You+Again+%28feat.+Kali+Uchis%29&artist=Tyler%2C+The+Creator&autocorrect=1 "HTTP/1.1 200 OK"
INFO 2026-02-11 22:37:04,397 _client 1 281473517547552 HTTP Request: GET https://ws.audioscrobbler.com/2.0/?method=track.getInfo&api_key=49b6213396a4b5a21637bcf627a4bf3d&format=json&track=Flashing+Lights&artist=Kanye+West&autocorrect=1 "HTTP/1.1 200 OK"
INFO 2026-02-11 22:37:04,400 _client 1 281473517547552 HTTP Request: GET https://ws.audioscrobbler.com/2.0/?method=track.getInfo&api_key=49b6213396a4b5a21637bcf627a4bf3d&format=json&track=Without+Me&artist=Eminem&autocorrect=1 "HTTP/1.1 200 OK"
INFO 2026-02-11 22:37:04,409 _client 1 281473517547552 HTTP Request: GET https://ws.audioscrobbler.com/2.0/?method=track.getInfo&api_key=49b6213396a4b5a21637bcf627a4bf3d&format=json&track=I+Wonder&artist=Kanye+West&autocorrect=1 "HTTP/1.1 200 OK"
INFO 2026-02-11 22:37:04,518 _client 1 281473517547552 HTTP Request: GET https://ws.audioscrobbler.com/2.0/?method=track.getInfo&api_key=49b6213396a4b5a21637bcf627a4bf3d&format=json&track=Bound+2&artist=Kanye+West&autocorrect=1 "HTTP/1.1 200 OK"
INFO 2026-02-11 22:37:04,546 _client 1 281473517547552 HTTP Request: GET https://ws.audioscrobbler.com/2.0/?method=track.getInfo&api_key=49b6213396a4b5a21637bcf627a4bf3d&format=json&track=The+Real+Slim+Shady&artist=Eminem&autocorrect=1 "HTTP/1.1 200 OK"
INFO 2026-02-11 22:37:04,572 _client 1 281473517547552 HTTP Request: GET https://ws.audioscrobbler.com/2.0/?method=track.getInfo&api_key=49b6213396a4b5a21637bcf627a4bf3d&format=json&track=Swimming+Pools+%28Drank%29&artist=Kendrick+Lamar&autocorrect=1 "HTTP/1.1 200 OK"
INFO 2026-02-11 22:37:04,580 _client 1 281473517547552 HTTP Request: GET https://ws.audioscrobbler.com/2.0/?method=track.getInfo&api_key=49b6213396a4b5a21637bcf627a4bf3d&format=json&track=Empire+State+of+Mind&artist=JAY-Z&autocorrect=1 "HTTP/1.1 200 OK"
INFO 2026-02-11 22:37:04,583 _client 1 281473517547552 HTTP Request: GET https://ws.audioscrobbler.com/2.0/?method=track.getInfo&api_key=49b6213396a4b5a21637bcf627a4bf3d&format=json&track=Lose+Yourself&artist=Eminem&autocorrect=1 "HTTP/1.1 200 OK"
INFO 2026-02-11 22:37:04,844 _client 1 281473517547552 HTTP Request: GET https://api.deezer.com/search?q=artist%3A%22Eminem%22+track%3A%22Without+Me%22&limit=1 "HTTP/1.1 200 OK"
INFO 2026-02-11 22:37:04,848 _client 1 281473517547552 HTTP Request: GET https://api.deezer.com/search?q=artist%3A%22Kanye+West%22+track%3A%22Flashing+Lights%22&limit=1 "HTTP/1.1 200 OK"
INFO 2026-02-11 22:37:04,850 _client 1 281473517547552 HTTP Request: GET https://api.deezer.com/search?q=artist%3A%22Tyler%2C+The+Creator%22+track%3A%22See+You+Again+%28feat.+Kali+Uchis%29%22&limit=1 "HTTP/1.1 200 OK"
INFO 2026-02-11 22:37:04,853 _client 1 281473517547552 HTTP Request: GET https://api.deezer.com/search?q=artist%3A%22A%24AP+Rocky%22+track%3A%22Fashion+Killa%22&limit=1 "HTTP/1.1 200 OK"
INFO 2026-02-11 22:37:04,856 _client 1 281473517547552 HTTP Request: GET https://itunes.apple.com/search?term=Fashion+Killa&media=music&entity=song&attribute=songTerm&limit=5 "HTTP/1.1 200 OK"
INFO 2026-02-11 22:37:04,866 _client 1 281473517547552 HTTP Request: GET https://itunes.apple.com/search?term=HUMBLE.&media=music&entity=song&attribute=songTerm&limit=5 "HTTP/1.1 200 OK"
INFO 2026-02-11 22:37:04,870 _client 1 281473517547552 HTTP Request: GET https://itunes.apple.com/search?term=Ghost+Town&media=music&entity=song&attribute=songTerm&limit=5 "HTTP/1.1 200 OK"
INFO 2026-02-11 22:37:04,874 _client 1 281473517547552 HTTP Request: GET https://api.deezer.com/search?q=artist%3A%22JAY-Z%22+track%3A%22Empire+State+of+Mind%22&limit=1 "HTTP/1.1 200 OK"
INFO 2026-02-11 22:37:04,882 _client 1 281473517547552 HTTP Request: GET https://api.deezer.com/search?q=artist%3A%22Kanye+West%22+track%3A%22Ghost+Town%22&limit=1 "HTTP/1.1 200 OK"
INFO 2026-02-11 22:37:04,886 _client 1 281473517547552 HTTP Request: GET https://api.deezer.com/search?q=artist%3A%22Kendrick+Lamar%22+track%3A%22HUMBLE.%22&limit=1 "HTTP/1.1 200 OK"
INFO 2026-02-11 22:37:04,893 _client 1 281473517547552 HTTP Request: GET https://api.deezer.com/search?q=artist%3A%22Eminem%22+track%3A%22The+Real+Slim+Shady%22&limit=1 "HTTP/1.1 200 OK"
INFO 2026-02-11 22:37:04,896 _client 1 281473517547552 HTTP Request: GET https://api.deezer.com/search?q=artist%3A%22Kendrick+Lamar%22+track%3A%22DNA.%22&limit=1 "HTTP/1.1 200 OK"
INFO 2026-02-11 22:37:04,901 _client 1 281473517547552 HTTP Request: GET https://api.deezer.com/search?q=artist%3A%22Kendrick+Lamar%22+track%3A%22Swimming+Pools+%28Drank%29%22&limit=1 "HTTP/1.1 200 OK"
INFO 2026-02-11 22:37:04,911 _client 1 281473517547552 HTTP Request: GET https://api.deezer.com/search?q=artist%3A%22Kanye+West%22+track%3A%22I+Wonder%22&limit=1 "HTTP/1.1 200 OK"
INFO 2026-02-11 22:37:04,914 _client 1 281473517547552 HTTP Request: GET https://api.deezer.com/search?q=artist%3A%22Kanye+West%22+track%3A%22Bound+2%22&limit=1 "HTTP/1.1 200 OK"
INFO 2026-02-11 22:37:04,917 _client 1 281473517547552 HTTP Request: GET https://api.deezer.com/search?q=artist%3A%22Eminem%22+track%3A%22Lose+Yourself%22&limit=1 "HTTP/1.1 200 OK"
INFO 2026-02-11 22:37:04,959 _client 1 281473517547552 HTTP Request: GET https://api.deezer.com/search?q=artist%3A%22Kendrick+Lamar%22+track%3A%22Money+Trees%22&limit=1 "HTTP/1.1 200 OK"
INFO 2026-02-11 22:37:05,137 _client 1 281473517547552 HTTP Request: GET https://itunes.apple.com/search?term=Without+Me&media=music&entity=song&attribute=songTerm&limit=5 "HTTP/1.1 200 OK"
INFO 2026-02-11 22:37:05,152 _client 1 281473517547552 HTTP Request: GET https://itunes.apple.com/search?term=DNA.&media=music&entity=song&attribute=songTerm&limit=5 "HTTP/1.1 200 OK"
INFO 2026-02-11 22:37:05,155 _client 1 281473517547552 HTTP Request: GET https://itunes.apple.com/search?term=Money+Trees&media=music&entity=song&attribute=songTerm&limit=5 "HTTP/1.1 200 OK"
INFO 2026-02-11 22:37:05,294 _client 1 281473517547552 HTTP Request: GET https://itunes.apple.com/search?term=Flashing+Lights&media=music&entity=song&attribute=songTerm&limit=5 "HTTP/1.1 200 OK"
INFO 2026-02-11 22:37:05,313 _client 1 281473517547552 HTTP Request: GET https://itunes.apple.com/search?term=I+Wonder&media=music&entity=song&attribute=songTerm&limit=5 "HTTP/1.1 200 OK"
INFO 2026-02-11 22:37:05,317 _client 1 281473517547552 HTTP Request: GET https://itunes.apple.com/search?term=See+You+Again+%28feat.+Kali+Uchis%29&media=music&entity=song&attribute=songTerm&limit=5 "HTTP/1.1 200 OK"
INFO 2026-02-11 22:37:05,465 _client 1 281473517547552 HTTP Request: GET https://itunes.apple.com/search?term=Bound+2&media=music&entity=song&attribute=songTerm&limit=5 "HTTP/1.1 200 OK"
INFO 2026-02-11 22:37:05,474 _client 1 281473517547552 HTTP Request: GET https://itunes.apple.com/search?term=Swimming+Pools+%28Drank%29&media=music&entity=song&attribute=songTerm&limit=5 "HTTP/1.1 200 OK"
INFO 2026-02-11 22:37:05,477 _client 1 281473517547552 HTTP Request: GET https://itunes.apple.com/search?term=The+Real+Slim+Shady&media=music&entity=song&attribute=songTerm&limit=5 "HTTP/1.1 200 OK"
INFO 2026-02-11 22:37:05,631 _client 1 281473517547552 HTTP Request: GET https://itunes.apple.com/search?term=Lose+Yourself&media=music&entity=song&attribute=songTerm&limit=5 "HTTP/1.1 200 OK"
INFO 2026-02-11 22:37:05,635 _client 1 281473517547552 HTTP Request: GET https://itunes.apple.com/search?term=Empire+State+of+Mind&media=music&entity=song&attribute=songTerm&limit=5 "HTTP/1.1 200 OK"
WARNING 2026-02-11 22:38:42,752 apps 1 281473517547552 Failed to close httpx.AsyncClient: Event loop is closed
INFO 2026-02-11 23:04:50,272 _client 1 281473713565728 HTTP Request: GET https://ws.audioscrobbler.com/2.0/?method=chart.gettopartists&api_key=49b6213396a4b5a21637bcf627a4bf3d&format=json&limit=16 "HTTP/1.1 200 OK"
INFO 2026-02-11 23:04:50,278 services_async 1 281473713565728 Last.fm chart API request took 366.29 ms
INFO 2026-02-11 23:04:50,307 _client 1 281473713565728 HTTP Request: GET https://ws.audioscrobbler.com/2.0/?method=chart.gettoptracks&api_key=49b6213396a4b5a21637bcf627a4bf3d&format=json&limit=15 "HTTP/1.1 200 OK"
INFO 2026-02-11 23:04:50,325 services_async 1 281473713565728 Last.fm tracks chart API request took 383.97 ms
INFO 2026-02-11 23:04:57,120 _client 1 281473713565728 HTTP Request: GET https://ws.audioscrobbler.com/2.0/?method=tag.gettopartists&tag=rap&api_key=49b6213396a4b5a21637bcf627a4bf3d&format=json&limit=32 "HTTP/1.1 200 OK"
INFO 2026-02-11 23:04:57,137 services_async 1 281473713565728 Last.fm genre artists API request took 305.80 ms for genre='rap'
INFO 2026-02-11 23:05:02,499 _client 1 281473713565728 HTTP Request: GET https://ws.audioscrobbler.com/2.0/?method=track.search&track=drake&api_key=49b6213396a4b5a21637bcf627a4bf3d&format=json&limit=75 "HTTP/1.1 200 OK"
INFO 2026-02-11 23:05:02,532 services_async 1 281473713565728 Last.fm track search API request took 807.65 ms for query='drake'
INFO 2026-02-11 23:05:14,286 _client 1 281473713565728 HTTP Request: GET https://ws.audioscrobbler.com/2.0/?method=tag.gettoptracks&tag=rap&api_key=49b6213396a4b5a21637bcf627a4bf3d&format=json&limit=15 "HTTP/1.1 200 OK"
WARNING 2026-02-11 23:05:50,793 apps 1 281473713565728 Failed to close httpx.AsyncClient: Event loop is closed
